{
  "stats": {
    "suites": 1,
    "tests": 1,
    "passes": 1,
    "pending": 0,
    "failures": 0,
    "start": "2022-08-25T18:29:55.860Z",
    "end": "2022-08-25T18:29:55.979Z",
    "duration": 119,
    "testsRegistered": 1,
    "passPercent": 100,
    "pendingPercent": 0,
    "other": 0,
    "hasOther": false,
    "skipped": 0,
    "hasSkipped": false
  },
  "results": [
    {
      "uuid": "117160f7-9160-4cc4-98c6-090bfea01d6b",
      "title": "",
      "fullFile": "cypress/e2e/login.spec.cy.js",
      "file": "cypress/e2e/login.spec.cy.js",
      "beforeHooks": [],
      "afterHooks": [],
      "tests": [],
      "suites": [
        {
          "uuid": "0bf05df4-483f-4b3c-9c43-bf7a6075b877",
          "title": "Login - testes de API ServRest",
          "fullFile": "",
          "file": "",
          "beforeHooks": [],
          "afterHooks": [],
          "tests": [
            {
              "title": "Deve fazer login com sucesso",
              "fullTitle": "Login - testes de API ServRest Deve fazer login com sucesso",
              "timedOut": null,
              "duration": 74,
              "state": "passed",
              "speed": "fast",
              "pass": true,
              "fail": false,
              "pending": false,
              "context": null,
              "code": "cy.request({\n  method: \"POST\",\n  url: \"http://localhost:3000/login\",\n  body: {\n    email: \"fulano@qa.com\",\n    password: \"teste\"\n  }\n}).then(response => {\n  expect(response.status).to.equal(200);\n  expect(response.body.message).to.equal(\"Login realizado com sucesso\");\n  cy.log(response.body.authorization);\n});",
              "err": {},
              "uuid": "961d18ee-526d-44db-b841-919da3104d14",
              "parentUUID": "0bf05df4-483f-4b3c-9c43-bf7a6075b877",
              "isHook": false,
              "skipped": false
            }
          ],
          "suites": [],
          "passes": [
            "961d18ee-526d-44db-b841-919da3104d14"
          ],
          "failures": [],
          "pending": [],
          "skipped": [],
          "duration": 74,
          "root": false,
          "rootEmpty": false,
          "_timeout": 2000
        }
      ],
      "passes": [],
      "failures": [],
      "pending": [],
      "skipped": [],
      "duration": 0,
      "root": true,
      "rootEmpty": true,
      "_timeout": 2000
    }
  ],
  "meta": {
    "mocha": {
      "version": "7.0.1"
    },
    "mochawesome": {
      "options": {
        "quiet": false,
        "reportFilename": "mochawesome",
        "saveHtml": false,
        "saveJson": true,
        "consoleReporter": "spec",
        "useInlineDiffs": false,
        "code": true
      },
      "version": "7.1.3"
    },
    "marge": {
      "options": {
        "reportDir": "mochawesome-report",
        "overwrite": false,
        "html": false,
        "json": true
      },
      "version": "6.2.0"
    }
  }
}